TN:
SF:src\app.js
FN:28,(anonymous_0)
FN:43,(anonymous_1)
FNF:2
FNH:2
FNDA:1,(anonymous_0)
FNDA:2,(anonymous_1)
DA:2,4
DA:3,4
DA:4,4
DA:6,4
DA:8,4
DA:9,4
DA:11,4
DA:12,4
DA:14,4
DA:18,4
DA:19,4
DA:20,4
DA:22,4
DA:23,0
DA:28,4
DA:29,1
DA:36,4
DA:38,4
DA:39,4
DA:43,4
DA:44,2
DA:52,4
DA:54,4
LF:23
LH:22
BRDA:22,0,0,0
BRDA:22,0,1,4
BRF:2
BRH:1
end_of_record
TN:
SF:src\config\env.js
FN:6,(anonymous_0)
FNF:1
FNH:1
FNDA:14,(anonymous_0)
DA:1,7
DA:2,7
DA:4,7
DA:6,7
DA:7,14
DA:8,0
DA:12,7
LF:7
LH:6
BRDA:7,0,0,0
BRDA:7,0,1,14
BRDA:13,1,0,7
BRDA:13,1,1,0
BRDA:16,2,0,7
BRDA:16,2,1,0
BRDA:17,3,0,7
BRDA:17,3,1,0
BRDA:18,4,0,7
BRDA:18,4,1,0
BRF:10
BRH:5
end_of_record
TN:
SF:src\config\swagger.js
FNF:0
FNH:0
DA:1,4
DA:3,4
DA:45,4
LF:3
LH:3
BRF:0
BRH:0
end_of_record
TN:
SF:src\controllers\auth.controller.js
FN:3,(anonymous_0)
FN:21,(anonymous_1)
FNF:2
FNH:2
FNDA:1,(anonymous_0)
FNDA:4,(anonymous_1)
DA:1,3
DA:3,3
DA:4,1
DA:7,1
DA:8,1
DA:17,0
DA:21,3
DA:22,4
DA:23,4
DA:28,1
DA:33,3
LF:11
LH:10
BRF:0
BRH:0
end_of_record
TN:
SF:src\controllers\task.controller.js
FN:5,(anonymous_0)
FN:24,(anonymous_1)
FN:43,(anonymous_2)
FN:62,(anonymous_3)
FN:82,(anonymous_4)
FNF:5
FNH:5
FNDA:2,(anonymous_0)
FNDA:1,(anonymous_1)
FNDA:2,(anonymous_2)
FNDA:1,(anonymous_3)
FNDA:1,(anonymous_4)
DA:1,3
DA:5,3
DA:6,2
DA:7,2
DA:12,1
DA:18,1
DA:24,3
DA:25,1
DA:26,1
DA:31,1
DA:37,0
DA:43,3
DA:44,2
DA:45,2
DA:50,1
DA:56,1
DA:62,3
DA:63,1
DA:64,1
DA:70,1
DA:76,0
DA:82,3
DA:83,1
DA:84,1
DA:89,1
DA:95,0
LF:26
LH:23
BRF:0
BRH:0
end_of_record
TN:
SF:src\middlewares\auth.middleware.js
FN:5,(anonymous_0)
FNF:1
FNH:1
FNDA:4,(anonymous_0)
DA:1,4
DA:2,4
DA:3,4
DA:5,4
DA:7,4
DA:10,4
DA:11,2
DA:14,2
DA:16,2
DA:17,2
DA:19,1
DA:21,1
DA:24,1
LF:13
LH:13
BRDA:10,0,0,2
BRDA:10,0,1,2
BRDA:10,1,0,4
BRDA:10,1,1,3
BRF:4
BRH:4
end_of_record
TN:
SF:src\middlewares\error.middleware.js
FN:1,(anonymous_0)
FNF:1
FNH:1
FNDA:8,(anonymous_0)
DA:1,5
DA:3,8
DA:5,8
DA:6,8
DA:8,8
LF:5
LH:5
BRDA:5,0,0,8
BRDA:5,0,1,4
BRDA:6,1,0,8
BRDA:6,1,1,1
BRF:4
BRH:4
end_of_record
TN:
SF:src\middlewares\role.middleware.js
FN:3,(anonymous_0)
FN:5,(anonymous_1)
FNF:2
FNH:2
FNDA:4,(anonymous_0)
FNDA:4,(anonymous_1)
DA:1,1
DA:3,1
DA:5,4
DA:7,4
DA:8,2
DA:11,2
LF:6
LH:6
BRDA:7,0,0,2
BRDA:7,0,1,2
BRDA:7,1,0,4
BRDA:7,1,1,3
BRF:4
BRH:4
end_of_record
TN:
SF:src\middlewares\validate.middleware.js
FN:3,(anonymous_0)
FN:4,(anonymous_1)
FNF:2
FNH:2
FNDA:16,(anonymous_0)
FNDA:12,(anonymous_1)
DA:3,4
DA:4,16
DA:5,12
DA:7,12
DA:8,3
DA:14,9
LF:6
LH:6
BRDA:7,0,0,3
BRDA:7,0,1,9
BRF:2
BRH:2
end_of_record
TN:
SF:src\models\Task.js
FNF:0
FNH:0
DA:1,4
DA:3,4
DA:42,4
LF:3
LH:3
BRF:0
BRH:0
end_of_record
TN:
SF:src\models\User.js
FNF:0
FNH:0
DA:1,4
DA:3,4
DA:34,4
LF:3
LH:3
BRF:0
BRH:0
end_of_record
TN:
SF:src\routes\auth.routes.js
FNF:0
FNH:0
DA:2,3
DA:4,3
DA:5,3
DA:6,3
DA:8,3
DA:14,3
DA:20,3
LF:7
LH:7
BRF:0
BRH:0
end_of_record
TN:
SF:src\routes\swagger.routes.js
FNF:0
FNH:0
DA:1,4
DA:2,4
DA:4,4
DA:6,4
DA:8,4
DA:14,4
LF:6
LH:6
BRF:0
BRH:0
end_of_record
TN:
SF:src\routes\task.routes.js
FNF:0
FNH:0
DA:1,3
DA:3,3
DA:5,3
DA:6,3
DA:8,3
DA:10,3
DA:13,3
DA:20,3
DA:23,3
DA:26,3
DA:33,3
DA:35,3
LF:12
LH:12
BRF:0
BRH:0
end_of_record
TN:
SF:src\services\auth.service.js
FN:9,(anonymous_0)
FN:32,(anonymous_1)
FNF:2
FNH:2
FNDA:3,(anonymous_0)
FNDA:3,(anonymous_1)
DA:1,4
DA:2,4
DA:4,4
DA:5,4
DA:6,4
DA:9,4
DA:11,3
DA:13,3
DA:14,1
DA:17,2
DA:22,2
DA:28,2
DA:32,4
DA:34,3
DA:37,3
DA:38,1
DA:41,2
DA:43,2
DA:44,1
DA:47,1
DA:56,1
LF:21
LH:21
BRDA:13,0,0,1
BRDA:13,0,1,2
BRDA:37,1,0,1
BRDA:37,1,1,2
BRDA:43,2,0,1
BRDA:43,2,1,1
BRF:6
BRH:6
end_of_record
TN:
SF:src\services\task.service.js
FN:5,(anonymous_0)
FN:14,(anonymous_1)
FN:62,(anonymous_2)
FN:82,(anonymous_3)
FN:91,(anonymous_4)
FNF:5
FNH:5
FNDA:1,(anonymous_0)
FNDA:3,(anonymous_1)
FNDA:2,(anonymous_2)
FNDA:1,(anonymous_3)
FNDA:1,(anonymous_4)
DA:2,4
DA:3,4
DA:5,4
DA:6,1
DA:14,4
DA:20,3
DA:22,3
DA:27,3
DA:28,2
DA:31,3
DA:32,0
DA:35,3
DA:36,1
DA:42,3
DA:44,3
DA:53,3
DA:62,4
DA:63,2
DA:68,2
DA:69,2
DA:72,2
DA:74,2
DA:75,1
DA:78,1
DA:82,4
DA:83,1
DA:85,1
DA:87,1
DA:91,4
DA:92,1
DA:94,1
DA:96,1
LF:32
LH:31
BRDA:16,0,0,2
BRDA:17,1,0,2
BRDA:27,2,0,2
BRDA:27,2,1,1
BRDA:31,3,0,0
BRDA:31,3,1,3
BRDA:35,4,0,1
BRDA:35,4,1,2
BRDA:68,5,0,2
BRDA:68,5,1,0
BRDA:74,6,0,1
BRDA:74,6,1,1
BRF:12
BRH:10
end_of_record
TN:
SF:src\utils\ApiError.js
FN:2,(anonymous_0)
FNF:1
FNH:1
FNDA:9,(anonymous_0)
DA:3,9
DA:5,9
DA:6,9
DA:8,9
DA:12,10
LF:5
LH:5
BRF:0
BRH:0
end_of_record
TN:
SF:src\validators\auth.validator.js
FNF:0
FNH:0
DA:1,3
DA:3,3
DA:9,3
LF:3
LH:3
BRF:0
BRH:0
end_of_record
TN:
SF:src\validators\task.validator.js
FNF:0
FNH:0
DA:1,3
DA:3,3
DA:15,3
LF:3
LH:3
BRF:0
BRH:0
end_of_record
